======================================================================
 MMPBSA (Ab-pHLA): design_127_dldesign_30_best r3  node=node25  job=456319
 Mon Apr 20 11:56:51 CST 2026
======================================================================
Python: Python 3.10.20
[INFO   ] Starting gmx_MMPBSA 1.6.4

[1/7] Copying topology and trajectory files...
    OK

[2/7] Assigning chain IDs via Python (topol.top + itp)...
chain_assign: design_127_dldesign_30_best_chPAHL.pdb  chain_P(pep)=150  chain_A(HLA)=2859  chain_H(AbH)=1761  chain_L(AbL)=1686  total=6456
index_protein.ndx: 6456 atoms (all 4 protein chains)
index_mmpbsa.ndx: receptor(pHLA)=3009 atoms [P+A], ligand(Ab)=3447 atoms [H+L]
  gmx_MMPBSA -cg 0 1  =>  group 0=receptor(pHLA), group 1=ligand(antibody)
    OK: design_127_dldesign_30_best_chPAHL.pdb  index_protein.ndx  index_mmpbsa.ndx

[3/7] Extracting protein reference structure (Protein.gro)...
    OK: Protein.gro  (6456 atoms)

[4/7] Trimming topology -> topol_prot.top (no posre)...
topol_prot.top: kept 4/7 molecules, removed 5 posre includes from ITP files
    OK: topol_prot.top

[5/7] Building protein-only TPR via grompp (no posre)...
    OK: design_127_dldesign_30_best_prot.tpr

[6/7] Extracting protein-only trajectory (PBC corrected)...
    OK: design_127_dldesign_30_best_prot_r3.xtc  (frames: 301)

[6b/7] Validating protein trajectory...
    TPR atoms: 6456
    XTC size: 7388324 bytes  (frames: 301)

[7/7] Running gmx_MMPBSA (LinearPB)...
  Files:
    topol_prot.top  = 57 lines
    TPR atoms       = 6456
    NDX groups      = 2
    PDB written     = 6456 atoms

======================================================================
 MMPBSA COMPLETED: design_127_dldesign_30_best r3  Mon Apr 20 18:14:46 CST 2026
======================================================================
ΔTOTAL                   24.22         61.99       7.38         3.57       0.43
-------------------------------------------------------------------------------
-------------------------------------------------------------------------------
DONE sentinel written.
