[node16:30003] mca_base_component_repository_open: unable to open mca_plm_tm: libtorque.so.2: cannot open shared object file: No such file or directory (ignored)
[node16:30003] mca_base_component_repository_open: unable to open mca_ras_tm: libtorque.so.2: cannot open shared object file: No such file or directory (ignored)
[node16:30008] mca_base_component_repository_open: unable to open mca_btl_usnic: libfabric.so.1: cannot open shared object file: No such file or directory (ignored)
[node16:30009] mca_base_component_repository_open: unable to open mca_btl_usnic: libfabric.so.1: cannot open shared object file: No such file or directory (ignored)
[node16:30010] mca_base_component_repository_open: unable to open mca_btl_usnic: libfabric.so.1: cannot open shared object file: No such file or directory (ignored)
[node16:30011] mca_base_component_repository_open: unable to open mca_btl_usnic: libfabric.so.1: cannot open shared object file: No such file or directory (ignored)
--------------------------------------------------------------------------
WARNING: No preset parameters were found for the device that Open MPI
detected:

  Local host:            node16
  Device name:           mlx5_0
  Device vendor ID:      0x02c9
  Device vendor part ID: 4123

Default device parameters will be used, which may result in lower
performance.  You can edit any of the files specified by the
btl_openib_device_param_files MCA parameter to set values for your
device.

NOTE: You can turn off this warning by setting the MCA parameter
      btl_openib_warn_no_device_params_found to 0.
--------------------------------------------------------------------------
[node16:30013] mca_base_component_repository_open: unable to open mca_btl_usnic: libfabric.so.1: cannot open shared object file: No such file or directory (ignored)
[node16:30012] mca_base_component_repository_open: unable to open mca_btl_usnic: libfabric.so.1: cannot open shared object file: No such file or directory (ignored)
[node16:30014] mca_base_component_repository_open: unable to open mca_btl_usnic: libfabric.so.1: cannot open shared object file: No such file or directory (ignored)
[node16:30008] mca_base_component_repository_open: unable to open mca_mtl_ofi: libfabric.so.1: cannot open shared object file: No such file or directory (ignored)
[node16:30015] mca_base_component_repository_open: unable to open mca_btl_usnic: libfabric.so.1: cannot open shared object file: No such file or directory (ignored)
[node16:30008] mca_base_component_repository_open: unable to open mca_mtl_psm2: libpsm2.so.2: cannot open shared object file: No such file or directory (ignored)
[node16:30017] mca_base_component_repository_open: unable to open mca_btl_usnic: libfabric.so.1: cannot open shared object file: No such file or directory (ignored)
[node16:30009] mca_base_component_repository_open: unable to open mca_mtl_ofi: libfabric.so.1: cannot open shared object file: No such file or directory (ignored)
[node16:30009] mca_base_component_repository_open: unable to open mca_mtl_psm2: libpsm2.so.2: cannot open shared object file: No such file or directory (ignored)
[node16:30019] mca_base_component_repository_open: unable to open mca_btl_usnic: libfabric.so.1: cannot open shared object file: No such file or directory (ignored)
[node16:30016] mca_base_component_repository_open: unable to open mca_btl_usnic: libfabric.so.1: cannot open shared object file: No such file or directory (ignored)
[node16:30018] mca_base_component_repository_open: unable to open mca_btl_usnic: libfabric.so.1: cannot open shared object file: No such file or directory (ignored)
[node16:30011] mca_base_component_repository_open: unable to open mca_mtl_ofi: libfabric.so.1: cannot open shared object file: No such file or directory (ignored)
[node16:30020] mca_base_component_repository_open: unable to open mca_btl_usnic: libfabric.so.1: cannot open shared object file: No such file or directory (ignored)
[node16:30010] mca_base_component_repository_open: unable to open mca_mtl_ofi: libfabric.so.1: cannot open shared object file: No such file or directory (ignored)
[node16:30010] mca_base_component_repository_open: unable to open mca_mtl_psm2: libpsm2.so.2: cannot open shared object file: No such file or directory (ignored)
[node16:30011] mca_base_component_repository_open: unable to open mca_mtl_psm2: libpsm2.so.2: cannot open shared object file: No such file or directory (ignored)
[node16:30023] mca_base_component_repository_open: unable to open mca_btl_usnic: libfabric.so.1: cannot open shared object file: No such file or directory (ignored)
[node16:30012] mca_base_component_repository_open: unable to open mca_mtl_ofi: libfabric.so.1: cannot open shared object file: No such file or directory (ignored)
[node16:30012] mca_base_component_repository_open: unable to open mca_mtl_psm2: libpsm2.so.2: cannot open shared object file: No such file or directory (ignored)
[node16:30024] mca_base_component_repository_open: unable to open mca_btl_usnic: libfabric.so.1: cannot open shared object file: No such file or directory (ignored)
[node16:30014] mca_base_component_repository_open: unable to open mca_mtl_ofi: libfabric.so.1: cannot open shared object file: No such file or directory (ignored)
[node16:30021] mca_base_component_repository_open: unable to open mca_btl_usnic: libfabric.so.1: cannot open shared object file: No such file or directory (ignored)
[node16:30014] mca_base_component_repository_open: unable to open mca_mtl_psm2: libpsm2.so.2: cannot open shared object file: No such file or directory (ignored)
[node16:30022] mca_base_component_repository_open: unable to open mca_btl_usnic: libfabric.so.1: cannot open shared object file: No such file or directory (ignored)
[node16:30015] mca_base_component_repository_open: unable to open mca_mtl_ofi: libfabric.so.1: cannot open shared object file: No such file or directory (ignored)
[node16:30015] mca_base_component_repository_open: unable to open mca_mtl_psm2: libpsm2.so.2: cannot open shared object file: No such file or directory (ignored)
[node16:30013] mca_base_component_repository_open: unable to open mca_mtl_ofi: libfabric.so.1: cannot open shared object file: No such file or directory (ignored)
[node16:30013] mca_base_component_repository_open: unable to open mca_mtl_psm2: libpsm2.so.2: cannot open shared object file: No such file or directory (ignored)
[node16:30017] mca_base_component_repository_open: unable to open mca_mtl_ofi: libfabric.so.1: cannot open shared object file: No such file or directory (ignored)
[node16:30017] mca_base_component_repository_open: unable to open mca_mtl_psm2: libpsm2.so.2: cannot open shared object file: No such file or directory (ignored)
[node16:30019] mca_base_component_repository_open: unable to open mca_mtl_ofi: libfabric.so.1: cannot open shared object file: No such file or directory (ignored)
[node16:30019] mca_base_component_repository_open: unable to open mca_mtl_psm2: libpsm2.so.2: cannot open shared object file: No such file or directory (ignored)
[node16:30016] mca_base_component_repository_open: unable to open mca_mtl_ofi: libfabric.so.1: cannot open shared object file: No such file or directory (ignored)
[node16:30016] mca_base_component_repository_open: unable to open mca_mtl_psm2: libpsm2.so.2: cannot open shared object file: No such file or directory (ignored)
[node16:30020] mca_base_component_repository_open: unable to open mca_mtl_ofi: libfabric.so.1: cannot open shared object file: No such file or directory (ignored)
[node16:30025] mca_base_component_repository_open: unable to open mca_btl_usnic: libfabric.so.1: cannot open shared object file: No such file or directory (ignored)
[node16:30020] mca_base_component_repository_open: unable to open mca_mtl_psm2: libpsm2.so.2: cannot open shared object file: No such file or directory (ignored)
[node16:30027] mca_base_component_repository_open: unable to open mca_btl_usnic: libfabric.so.1: cannot open shared object file: No such file or directory (ignored)
[node16:30028] mca_base_component_repository_open: unable to open mca_btl_usnic: libfabric.so.1: cannot open shared object file: No such file or directory (ignored)
[node16:30026] mca_base_component_repository_open: unable to open mca_btl_usnic: libfabric.so.1: cannot open shared object file: No such file or directory (ignored)
[node16:30018] mca_base_component_repository_open: unable to open mca_mtl_ofi: libfabric.so.1: cannot open shared object file: No such file or directory (ignored)
[node16:30018] mca_base_component_repository_open: unable to open mca_mtl_psm2: libpsm2.so.2: cannot open shared object file: No such file or directory (ignored)
[node16:30023] mca_base_component_repository_open: unable to open mca_mtl_ofi: libfabric.so.1: cannot open shared object file: No such file or directory (ignored)
[node16:30023] mca_base_component_repository_open: unable to open mca_mtl_psm2: libpsm2.so.2: cannot open shared object file: No such file or directory (ignored)
[node16:30029] mca_base_component_repository_open: unable to open mca_btl_usnic: libfabric.so.1: cannot open shared object file: No such file or directory (ignored)
[node16:30037] mca_base_component_repository_open: unable to open mca_btl_usnic: libfabric.so.1: cannot open shared object file: No such file or directory (ignored)
[node16:30024] mca_base_component_repository_open: unable to open mca_mtl_ofi: libfabric.so.1: cannot open shared object file: No such file or directory (ignored)
[node16:30024] mca_base_component_repository_open: unable to open mca_mtl_psm2: libpsm2.so.2: cannot open shared object file: No such file or directory (ignored)
[node16:30021] mca_base_component_repository_open: unable to open mca_mtl_ofi: libfabric.so.1: cannot open shared object file: No such file or directory (ignored)
[node16:30033] mca_base_component_repository_open: unable to open mca_btl_usnic: libfabric.so.1: cannot open shared object file: No such file or directory (ignored)
[node16:30021] mca_base_component_repository_open: unable to open mca_mtl_psm2: libpsm2.so.2: cannot open shared object file: No such file or directory (ignored)
[node16:30042] mca_base_component_repository_open: unable to open mca_btl_usnic: libfabric.so.1: cannot open shared object file: No such file or directory (ignored)
[node16:30044] mca_base_component_repository_open: unable to open mca_btl_usnic: libfabric.so.1: cannot open shared object file: No such file or directory (ignored)
[node16:30030] mca_base_component_repository_open: unable to open mca_btl_usnic: libfabric.so.1: cannot open shared object file: No such file or directory (ignored)
[node16:30055] mca_base_component_repository_open: unable to open mca_btl_usnic: libfabric.so.1: cannot open shared object file: No such file or directory (ignored)
[node16:30022] mca_base_component_repository_open: unable to open mca_mtl_ofi: libfabric.so.1: cannot open shared object file: No such file or directory (ignored)
[node16:30022] mca_base_component_repository_open: unable to open mca_mtl_psm2: libpsm2.so.2: cannot open shared object file: No such file or directory (ignored)
[node16:30046] mca_base_component_repository_open: unable to open mca_btl_usnic: libfabric.so.1: cannot open shared object file: No such file or directory (ignored)
[node16:30034] mca_base_component_repository_open: unable to open mca_btl_usnic: libfabric.so.1: cannot open shared object file: No such file or directory (ignored)
[node16:30051] mca_base_component_repository_open: unable to open mca_btl_usnic: libfabric.so.1: cannot open shared object file: No such file or directory (ignored)
[node16:30027] mca_base_component_repository_open: unable to open mca_mtl_ofi: libfabric.so.1: cannot open shared object file: No such file or directory (ignored)
[node16:30027] mca_base_component_repository_open: unable to open mca_mtl_psm2: libpsm2.so.2: cannot open shared object file: No such file or directory (ignored)
[node16:30025] mca_base_component_repository_open: unable to open mca_mtl_ofi: libfabric.so.1: cannot open shared object file: No such file or directory (ignored)
[node16:30062] mca_base_component_repository_open: unable to open mca_btl_usnic: libfabric.so.1: cannot open shared object file: No such file or directory (ignored)
[node16:30025] mca_base_component_repository_open: unable to open mca_mtl_psm2: libpsm2.so.2: cannot open shared object file: No such file or directory (ignored)
[node16:30028] mca_base_component_repository_open: unable to open mca_mtl_ofi: libfabric.so.1: cannot open shared object file: No such file or directory (ignored)
[node16:30028] mca_base_component_repository_open: unable to open mca_mtl_psm2: libpsm2.so.2: cannot open shared object file: No such file or directory (ignored)
[node16:30026] mca_base_component_repository_open: unable to open mca_mtl_ofi: libfabric.so.1: cannot open shared object file: No such file or directory (ignored)
[node16:30026] mca_base_component_repository_open: unable to open mca_mtl_psm2: libpsm2.so.2: cannot open shared object file: No such file or directory (ignored)
[node16:30029] mca_base_component_repository_open: unable to open mca_mtl_ofi: libfabric.so.1: cannot open shared object file: No such file or directory (ignored)
[node16:30029] mca_base_component_repository_open: unable to open mca_mtl_psm2: libpsm2.so.2: cannot open shared object file: No such file or directory (ignored)
[node16:30037] mca_base_component_repository_open: unable to open mca_mtl_ofi: libfabric.so.1: cannot open shared object file: No such file or directory (ignored)
[node16:30037] mca_base_component_repository_open: unable to open mca_mtl_psm2: libpsm2.so.2: cannot open shared object file: No such file or directory (ignored)
[node16:30033] mca_base_component_repository_open: unable to open mca_mtl_ofi: libfabric.so.1: cannot open shared object file: No such file or directory (ignored)
[node16:30033] mca_base_component_repository_open: unable to open mca_mtl_psm2: libpsm2.so.2: cannot open shared object file: No such file or directory (ignored)
[node16:30042] mca_base_component_repository_open: unable to open mca_mtl_ofi: libfabric.so.1: cannot open shared object file: No such file or directory (ignored)
[node16:30042] mca_base_component_repository_open: unable to open mca_mtl_psm2: libpsm2.so.2: cannot open shared object file: No such file or directory (ignored)
[node16:30055] mca_base_component_repository_open: unable to open mca_mtl_ofi: libfabric.so.1: cannot open shared object file: No such file or directory (ignored)
[node16:30055] mca_base_component_repository_open: unable to open mca_mtl_psm2: libpsm2.so.2: cannot open shared object file: No such file or directory (ignored)
[node16:30044] mca_base_component_repository_open: unable to open mca_mtl_ofi: libfabric.so.1: cannot open shared object file: No such file or directory (ignored)
[node16:30044] mca_base_component_repository_open: unable to open mca_mtl_psm2: libpsm2.so.2: cannot open shared object file: No such file or directory (ignored)
[node16:30030] mca_base_component_repository_open: unable to open mca_mtl_ofi: libfabric.so.1: cannot open shared object file: No such file or directory (ignored)
[node16:30030] mca_base_component_repository_open: unable to open mca_mtl_psm2: libpsm2.so.2: cannot open shared object file: No such file or directory (ignored)
[node16:30046] mca_base_component_repository_open: unable to open mca_mtl_ofi: libfabric.so.1: cannot open shared object file: No such file or directory (ignored)
[node16:30034] mca_base_component_repository_open: unable to open mca_mtl_ofi: libfabric.so.1: cannot open shared object file: No such file or directory (ignored)
[node16:30046] mca_base_component_repository_open: unable to open mca_mtl_psm2: libpsm2.so.2: cannot open shared object file: No such file or directory (ignored)
[node16:30034] mca_base_component_repository_open: unable to open mca_mtl_psm2: libpsm2.so.2: cannot open shared object file: No such file or directory (ignored)
[node16:30051] mca_base_component_repository_open: unable to open mca_mtl_ofi: libfabric.so.1: cannot open shared object file: No such file or directory (ignored)
[node16:30051] mca_base_component_repository_open: unable to open mca_mtl_psm2: libpsm2.so.2: cannot open shared object file: No such file or directory (ignored)
[node16:30062] mca_base_component_repository_open: unable to open mca_mtl_ofi: libfabric.so.1: cannot open shared object file: No such file or directory (ignored)
[node16:30062] mca_base_component_repository_open: unable to open mca_mtl_psm2: libpsm2.so.2: cannot open shared object file: No such file or directory (ignored)
                      :-) GROMACS - gmx mdrun, 2023.2 (-:

Executable:   /public/software/apps/gromacs/2023.2-mpi/bin/gmx_mpi
Data prefix:  /public/software/apps/gromacs/2023.2-mpi
Working dir:  /public/home/xuziyi/FEP/outputs/design_373_dldesign_13_best/forward/bound_R3
Command line:
  gmx_mpi mdrun -v -deffnm em_cg -multidir lambda0 lambda1 lambda2 lambda3 lambda4 lambda5 lambda6 lambda7 lambda8 lambda9 lambda10 lambda11 lambda12 lambda13 lambda14 lambda15 lambda16 lambda17 lambda18 lambda19 lambda20 lambda21 lambda22 lambda23 lambda24 lambda25 lambda26 lambda27 lambda28 lambda29 lambda30 lambda31 -gpu_id 01

Reading file em_cg.tpr, VERSION 2023.2 (single precision)
Reading file em_cg.tpr, VERSION 2023.2 (single precision)
Reading file em_cg.tpr, VERSION 2023.2 (single precision)
Reading file em_cg.tpr, VERSION 2023.2 (single precision)
Reading file em_cg.tpr, VERSION 2023.2 (single precision)
Reading file em_cg.tpr, VERSION 2023.2 (single precision)
Reading file em_cg.tpr, VERSION 2023.2 (single precision)
Reading file em_cg.tpr, VERSION 2023.2 (single precision)
Reading file em_cg.tpr, VERSION 2023.2 (single precision)
Reading file em_cg.tpr, VERSION 2023.2 (single precision)
Reading file em_cg.tpr, VERSION 2023.2 (single precision)
Reading file em_cg.tpr, VERSION 2023.2 (single precision)
Reading file em_cg.tpr, VERSION 2023.2 (single precision)
Reading file em_cg.tpr, VERSION 2023.2 (single precision)
Reading file em_cg.tpr, VERSION 2023.2 (single precision)
Reading file em_cg.tpr, VERSION 2023.2 (single precision)
Reading file em_cg.tpr, VERSION 2023.2 (single precision)
Reading file em_cg.tpr, VERSION 2023.2 (single precision)
Reading file em_cg.tpr, VERSION 2023.2 (single precision)
Reading file em_cg.tpr, VERSION 2023.2 (single precision)
Reading file em_cg.tpr, VERSION 2023.2 (single precision)
Reading file em_cg.tpr, VERSION 2023.2 (single precision)
Reading file em_cg.tpr, VERSION 2023.2 (single precision)
Reading file em_cg.tpr, VERSION 2023.2 (single precision)
Reading file em_cg.tpr, VERSION 2023.2 (single precision)
Reading file em_cg.tpr, VERSION 2023.2 (single precision)
Reading file em_cg.tpr, VERSION 2023.2 (single precision)
Reading file em_cg.tpr, VERSION 2023.2 (single precision)
Reading file em_cg.tpr, VERSION 2023.2 (single precision)
Reading file em_cg.tpr, VERSION 2023.2 (single precision)
Reading file em_cg.tpr, VERSION 2023.2 (single precision)
Reading file em_cg.tpr, VERSION 2023.2 (single precision)
2 GPUs selected for this run.
Mapping of GPU IDs to the 32 GPU tasks in the 32 ranks on this node:
  PP:0,PP:0,PP:0,PP:0,PP:0,PP:0,PP:0,PP:0,PP:0,PP:0,PP:0,PP:0,PP:0,PP:0,PP:0,PP:0,PP:1,PP:1,PP:1,PP:1,PP:1,PP:1,PP:1,PP:1,PP:1,PP:1,PP:1,PP:1,PP:1,PP:1,PP:1,PP:1
PP tasks will do (non-perturbed) short-ranged interactions on the GPU
PP task will update and constrain coordinates on the CPU

This is simulation 12 out of 32 running as a composite GROMACS
multi-simulation job. Setup for this simulation:

Using 1 MPI process
2 GPUs selected for this run.
Mapping of GPU IDs to the 32 GPU tasks in the 32 ranks on this node:
  PP:0,PP:0,PP:0,PP:0,PP:0,PP:0,PP:0,PP:0,PP:0,PP:0,PP:0,PP:0,PP:0,PP:0,PP:0,PP:0,PP:1,PP:1,PP:1,PP:1,PP:1,PP:1,PP:1,PP:1,PP:1,PP:1,PP:1,PP:1,PP:1,PP:1,PP:1,PP:1
PP tasks will do (non-perturbed) short-ranged interactions on the GPU
PP task will update and constrain coordinates on the CPU

This is simulation 2 out of 32 running as a composite GROMACS
multi-simulation job. Setup for this simulation:

Using 1 MPI process
2 GPUs selected for this run.
Mapping of GPU IDs to the 32 GPU tasks in the 32 ranks on this node:
  PP:0,PP:0,PP:0,PP:0,PP:0,PP:0,PP:0,PP:0,PP:0,PP:0,PP:0,PP:0,PP:0,PP:0,PP:0,PP:0,PP:1,PP:1,PP:1,PP:1,PP:1,PP:1,PP:1,PP:1,PP:1,PP:1,PP:1,PP:1,PP:1,PP:1,PP:1,PP:1
PP tasks will do (non-perturbed) short-ranged interactions on the GPU
PP task will update and constrain coordinates on the CPU

This is simulation 6 out of 32 running as a composite GROMACS
multi-simulation job. Setup for this simulation:

Using 1 MPI process
2 GPUs selected for this run.
Mapping of GPU IDs to the 32 GPU tasks in the 32 ranks on this node:
  PP:0,PP:0,PP:0,PP:0,PP:0,PP:0,PP:0,PP:0,PP:0,PP:0,PP:0,PP:0,PP:0,PP:0,PP:0,PP:0,PP:1,PP:1,PP:1,PP:1,PP:1,PP:1,PP:1,PP:1,PP:1,PP:1,PP:1,PP:1,PP:1,PP:1,PP:1,PP:1
PP tasks will do (non-perturbed) short-ranged interactions on the GPU
PP task will update and constrain coordinates on the CPU

This is simulation 1 out of 32 running as a composite GROMACS
multi-simulation job. Setup for this simulation:

Using 1 MPI process
2 GPUs selected for this run.
Mapping of GPU IDs to the 32 GPU tasks in the 32 ranks on this node:
  PP:0,PP:0,PP:0,PP:0,PP:0,PP:0,PP:0,PP:0,PP:0,PP:0,PP:0,PP:0,PP:0,PP:0,PP:0,PP:0,PP:1,PP:1,PP:1,PP:1,PP:1,PP:1,PP:1,PP:1,PP:1,PP:1,PP:1,PP:1,PP:1,PP:1,PP:1,PP:1
PP tasks will do (non-perturbed) short-ranged interactions on the GPU
PP task will update and constrain coordinates on the CPU

This is simulation 3 out of 32 running as a composite GROMACS
multi-simulation job. Setup for this simulation:

Using 1 MPI process
2 GPUs selected for this run.
Mapping of GPU IDs to the 32 GPU tasks in the 32 ranks on this node:
  PP:0,PP:0,PP:0,PP:0,PP:0,PP:0,PP:0,PP:0,PP:0,PP:0,PP:0,PP:0,PP:0,PP:0,PP:0,PP:0,PP:1,PP:1,PP:1,PP:1,PP:1,PP:1,PP:1,PP:1,PP:1,PP:1,PP:1,PP:1,PP:1,PP:1,PP:1,PP:1
PP tasks will do (non-perturbed) short-ranged interactions on the GPU
PP task will update and constrain coordinates on the CPU

This is simulation 13 out of 32 running as a composite GROMACS
multi-simulation job. Setup for this simulation:

Using 1 MPI process
2 GPUs selected for this run.
Mapping of GPU IDs to the 32 GPU tasks in the 32 ranks on this node:
  PP:0,PP:0,PP:0,PP:0,PP:0,PP:0,PP:0,PP:0,PP:0,PP:0,PP:0,PP:0,PP:0,PP:0,PP:0,PP:0,PP:1,PP:1,PP:1,PP:1,PP:1,PP:1,PP:1,PP:1,PP:1,PP:1,PP:1,PP:1,PP:1,PP:1,PP:1,PP:1
PP tasks will do (non-perturbed) short-ranged interactions on the GPU
PP task will update and constrain coordinates on the CPU

This is simulation 7 out of 32 running as a composite GROMACS
multi-simulation job. Setup for this simulation:

Using 1 MPI process
2 GPUs selected for this run.
Mapping of GPU IDs to the 32 GPU tasks in the 32 ranks on this node:
  PP:0,PP:0,PP:0,PP:0,PP:0,PP:0,PP:0,PP:0,PP:0,PP:0,PP:0,PP:0,PP:0,PP:0,PP:0,PP:0,PP:1,PP:1,PP:1,PP:1,PP:1,PP:1,PP:1,PP:1,PP:1,PP:1,PP:1,PP:1,PP:1,PP:1,PP:1,PP:1
PP tasks will do (non-perturbed) short-ranged interactions on the GPU
PP task will update and constrain coordinates on the CPU

This is simulation 4 out of 32 running as a composite GROMACS
multi-simulation job. Setup for this simulation:

Using 1 MPI process
2 GPUs selected for this run.
Mapping of GPU IDs to the 32 GPU tasks in the 32 ranks on this node:
  PP:0,PP:0,PP:0,PP:0,PP:0,PP:0,PP:0,PP:0,PP:0,PP:0,PP:0,PP:0,PP:0,PP:0,PP:0,PP:0,PP:1,PP:1,PP:1,PP:1,PP:1,PP:1,PP:1,PP:1,PP:1,PP:1,PP:1,PP:1,PP:1,PP:1,PP:1,PP:1
PP tasks will do (non-perturbed) short-ranged interactions on the GPU
PP task will update and constrain coordinates on the CPU

This is simulation 27 out of 32 running as a composite GROMACS
multi-simulation job. Setup for this simulation:

Using 1 MPI process
2 GPUs selected for this run.
Mapping of GPU IDs to the 32 GPU tasks in the 32 ranks on this node:
  PP:0,PP:0,PP:0,PP:0,PP:0,PP:0,PP:0,PP:0,PP:0,PP:0,PP:0,PP:0,PP:0,PP:0,PP:0,PP:0,PP:1,PP:1,PP:1,PP:1,PP:1,PP:1,PP:1,PP:1,PP:1,PP:1,PP:1,PP:1,PP:1,PP:1,PP:1,PP:1
PP tasks will do (non-perturbed) short-ranged interactions on the GPU
PP task will update and constrain coordinates on the CPU

This is simulation 0 out of 32 running as a composite GROMACS
multi-simulation job. Setup for this simulation:

Using 1 MPI process
2 GPUs selected for this run.
Mapping of GPU IDs to the 32 GPU tasks in the 32 ranks on this node:
  PP:0,PP:0,PP:0,PP:0,PP:0,PP:0,PP:0,PP:0,PP:0,PP:0,PP:0,PP:0,PP:0,PP:0,PP:0,PP:0,PP:1,PP:1,PP:1,PP:1,PP:1,PP:1,PP:1,PP:1,PP:1,PP:1,PP:1,PP:1,PP:1,PP:1,PP:1,PP:1
PP tasks will do (non-perturbed) short-ranged interactions on the GPU
PP task will update and constrain coordinates on the CPU

This is simulation 23 out of 32 running as a composite GROMACS
multi-simulation job. Setup for this simulation:

Using 1 MPI process
2 GPUs selected for this run.
Mapping of GPU IDs to the 32 GPU tasks in the 32 ranks on this node:
  PP:0,PP:0,PP:0,PP:0,PP:0,PP:0,PP:0,PP:0,PP:0,PP:0,PP:0,PP:0,PP:0,PP:0,PP:0,PP:0,PP:1,PP:1,PP:1,PP:1,PP:1,PP:1,PP:1,PP:1,PP:1,PP:1,PP:1,PP:1,PP:1,PP:1,PP:1,PP:1
PP tasks will do (non-perturbed) short-ranged interactions on the GPU
PP task will update and constrain coordinates on the CPU

This is simulation 15 out of 32 running as a composite GROMACS
multi-simulation job. Setup for this simulation:

Using 1 MPI process
2 GPUs selected for this run.
Mapping of GPU IDs to the 32 GPU tasks in the 32 ranks on this node:
  PP:0,PP:0,PP:0,PP:0,PP:0,PP:0,PP:0,PP:0,PP:0,PP:0,PP:0,PP:0,PP:0,PP:0,PP:0,PP:0,PP:1,PP:1,PP:1,PP:1,PP:1,PP:1,PP:1,PP:1,PP:1,PP:1,PP:1,PP:1,PP:1,PP:1,PP:1,PP:1
PP tasks will do (non-perturbed) short-ranged interactions on the GPU
PP task will update and constrain coordinates on the CPU

This is simulation 10 out of 32 running as a composite GROMACS
multi-simulation job. Setup for this simulation:

Using 1 MPI process
2 GPUs selected for this run.
Mapping of GPU IDs to the 32 GPU tasks in the 32 ranks on this node:
  PP:0,PP:0,PP:0,PP:0,PP:0,PP:0,PP:0,PP:0,PP:0,PP:0,PP:0,PP:0,PP:0,PP:0,PP:0,PP:0,PP:1,PP:1,PP:1,PP:1,PP:1,PP:1,PP:1,PP:1,PP:1,PP:1,PP:1,PP:1,PP:1,PP:1,PP:1,PP:1
PP tasks will do (non-perturbed) short-ranged interactions on the GPU
PP task will update and constrain coordinates on the CPU

This is simulation 26 out of 32 running as a composite GROMACS
multi-simulation job. Setup for this simulation:

Using 1 MPI process
2 GPUs selected for this run.
Mapping of GPU IDs to the 32 GPU tasks in the 32 ranks on this node:
  PP:0,PP:0,PP:0,PP:0,PP:0,PP:0,PP:0,PP:0,PP:0,PP:0,PP:0,PP:0,PP:0,PP:0,PP:0,PP:0,PP:1,PP:1,PP:1,PP:1,PP:1,PP:1,PP:1,PP:1,PP:1,PP:1,PP:1,PP:1,PP:1,PP:1,PP:1,PP:1
PP tasks will do (non-perturbed) short-ranged interactions on the GPU
PP task will update and constrain coordinates on the CPU

This is simulation 20 out of 32 running as a composite GROMACS
multi-simulation job. Setup for this simulation:

Using 1 MPI process
2 GPUs selected for this run.
Mapping of GPU IDs to the 32 GPU tasks in the 32 ranks on this node:
  PP:0,PP:0,PP:0,PP:0,PP:0,PP:0,PP:0,PP:0,PP:0,PP:0,PP:0,PP:0,PP:0,PP:0,PP:0,PP:0,PP:1,PP:1,PP:1,PP:1,PP:1,PP:1,PP:1,PP:1,PP:1,PP:1,PP:1,PP:1,PP:1,PP:1,PP:1,PP:1
PP tasks will do (non-perturbed) short-ranged interactions on the GPU
PP task will update and constrain coordinates on the CPU

This is simulation 18 out of 32 running as a composite GROMACS
multi-simulation job. Setup for this simulation:

Using 1 MPI process
2 GPUs selected for this run.
Mapping of GPU IDs to the 32 GPU tasks in the 32 ranks on this node:
  PP:0,PP:0,PP:0,PP:0,PP:0,PP:0,PP:0,PP:0,PP:0,PP:0,PP:0,PP:0,PP:0,PP:0,PP:0,PP:0,PP:1,PP:1,PP:1,PP:1,PP:1,PP:1,PP:1,PP:1,PP:1,PP:1,PP:1,PP:1,PP:1,PP:1,PP:1,PP:1
PP tasks will do (non-perturbed) short-ranged interactions on the GPU
PP task will update and constrain coordinates on the CPU

This is simulation 29 out of 32 running as a composite GROMACS
multi-simulation job. Setup for this simulation:

Using 1 MPI process
2 GPUs selected for this run.
Mapping of GPU IDs to the 32 GPU tasks in the 32 ranks on this node:
  PP:0,PP:0,PP:0,PP:0,PP:0,PP:0,PP:0,PP:0,PP:0,PP:0,PP:0,PP:0,PP:0,PP:0,PP:0,PP:0,PP:1,PP:1,PP:1,PP:1,PP:1,PP:1,PP:1,PP:1,PP:1,PP:1,PP:1,PP:1,PP:1,PP:1,PP:1,PP:1
PP tasks will do (non-perturbed) short-ranged interactions on the GPU
PP task will update and constrain coordinates on the CPU

This is simulation 19 out of 32 running as a composite GROMACS
multi-simulation job. Setup for this simulation:

Using 1 MPI process
2 GPUs selected for this run.
Mapping of GPU IDs to the 32 GPU tasks in the 32 ranks on this node:
  PP:0,PP:0,PP:0,PP:0,PP:0,PP:0,PP:0,PP:0,PP:0,PP:0,PP:0,PP:0,PP:0,PP:0,PP:0,PP:0,PP:1,PP:1,PP:1,PP:1,PP:1,PP:1,PP:1,PP:1,PP:1,PP:1,PP:1,PP:1,PP:1,PP:1,PP:1,PP:1
PP tasks will do (non-perturbed) short-ranged interactions on the GPU
PP task will update and constrain coordinates on the CPU

This is simulation 28 out of 32 running as a composite GROMACS
multi-simulation job. Setup for this simulation:

Using 1 MPI process
2 GPUs selected for this run.
Mapping of GPU IDs to the 32 GPU tasks in the 32 ranks on this node:
  PP:0,PP:0,PP:0,PP:0,PP:0,PP:0,PP:0,PP:0,PP:0,PP:0,PP:0,PP:0,PP:0,PP:0,PP:0,PP:0,PP:1,PP:1,PP:1,PP:1,PP:1,PP:1,PP:1,PP:1,PP:1,PP:1,PP:1,PP:1,PP:1,PP:1,PP:1,PP:1
PP tasks will do (non-perturbed) short-ranged interactions on the GPU
PP task will update and constrain coordinates on the CPU

This is simulation 9 out of 32 running as a composite GROMACS
multi-simulation job. Setup for this simulation:

Using 1 MPI process
2 GPUs selected for this run.
Mapping of GPU IDs to the 32 GPU tasks in the 32 ranks on this node:
  PP:0,PP:0,PP:0,PP:0,PP:0,PP:0,PP:0,PP:0,PP:0,PP:0,PP:0,PP:0,PP:0,PP:0,PP:0,PP:0,PP:1,PP:1,PP:1,PP:1,PP:1,PP:1,PP:1,PP:1,PP:1,PP:1,PP:1,PP:1,PP:1,PP:1,PP:1,PP:1
PP tasks will do (non-perturbed) short-ranged interactions on the GPU
PP task will update and constrain coordinates on the CPU

This is simulation 16 out of 32 running as a composite GROMACS
multi-simulation job. Setup for this simulation:

Using 1 MPI process
2 GPUs selected for this run.
Mapping of GPU IDs to the 32 GPU tasks in the 32 ranks on this node:
  PP:0,PP:0,PP:0,PP:0,PP:0,PP:0,PP:0,PP:0,PP:0,PP:0,PP:0,PP:0,PP:0,PP:0,PP:0,PP:0,PP:1,PP:1,PP:1,PP:1,PP:1,PP:1,PP:1,PP:1,PP:1,PP:1,PP:1,PP:1,PP:1,PP:1,PP:1,PP:1
PP tasks will do (non-perturbed) short-ranged interactions on the GPU
PP task will update and constrain coordinates on the CPU

This is simulation 8 out of 32 running as a composite GROMACS
multi-simulation job. Setup for this simulation:

Using 1 MPI process
2 GPUs selected for this run.
Mapping of GPU IDs to the 32 GPU tasks in the 32 ranks on this node:
  PP:0,PP:0,PP:0,PP:0,PP:0,PP:0,PP:0,PP:0,PP:0,PP:0,PP:0,PP:0,PP:0,PP:0,PP:0,PP:0,PP:1,PP:1,PP:1,PP:1,PP:1,PP:1,PP:1,PP:1,PP:1,PP:1,PP:1,PP:1,PP:1,PP:1,PP:1,PP:1
PP tasks will do (non-perturbed) short-ranged interactions on the GPU
PP task will update and constrain coordinates on the CPU

This is simulation 14 out of 32 running as a composite GROMACS
multi-simulation job. Setup for this simulation:

Using 1 MPI process
2 GPUs selected for this run.
Mapping of GPU IDs to the 32 GPU tasks in the 32 ranks on this node:
  PP:0,PP:0,PP:0,PP:0,PP:0,PP:0,PP:0,PP:0,PP:0,PP:0,PP:0,PP:0,PP:0,PP:0,PP:0,PP:0,PP:1,PP:1,PP:1,PP:1,PP:1,PP:1,PP:1,PP:1,PP:1,PP:1,PP:1,PP:1,PP:1,PP:1,PP:1,PP:1
PP tasks will do (non-perturbed) short-ranged interactions on the GPU
PP task will update and constrain coordinates on the CPU

This is simulation 24 out of 32 running as a composite GROMACS
multi-simulation job. Setup for this simulation:

Using 1 MPI process
2 GPUs selected for this run.
Mapping of GPU IDs to the 32 GPU tasks in the 32 ranks on this node:
  PP:0,PP:0,PP:0,PP:0,PP:0,PP:0,PP:0,PP:0,PP:0,PP:0,PP:0,PP:0,PP:0,PP:0,PP:0,PP:0,PP:1,PP:1,PP:1,PP:1,PP:1,PP:1,PP:1,PP:1,PP:1,PP:1,PP:1,PP:1,PP:1,PP:1,PP:1,PP:1
PP tasks will do (non-perturbed) short-ranged interactions on the GPU
PP task will update and constrain coordinates on the CPU

This is simulation 17 out of 32 running as a composite GROMACS
multi-simulation job. Setup for this simulation:

Using 1 MPI process
2 GPUs selected for this run.
Mapping of GPU IDs to the 32 GPU tasks in the 32 ranks on this node:
  PP:0,PP:0,PP:0,PP:0,PP:0,PP:0,PP:0,PP:0,PP:0,PP:0,PP:0,PP:0,PP:0,PP:0,PP:0,PP:0,PP:1,PP:1,PP:1,PP:1,PP:1,PP:1,PP:1,PP:1,PP:1,PP:1,PP:1,PP:1,PP:1,PP:1,PP:1,PP:1
PP tasks will do (non-perturbed) short-ranged interactions on the GPU
PP task will update and constrain coordinates on the CPU

This is simulation 11 out of 32 running as a composite GROMACS
multi-simulation job. Setup for this simulation:

Using 1 MPI process
2 GPUs selected for this run.
Mapping of GPU IDs to the 32 GPU tasks in the 32 ranks on this node:
  PP:0,PP:0,PP:0,PP:0,PP:0,PP:0,PP:0,PP:0,PP:0,PP:0,PP:0,PP:0,PP:0,PP:0,PP:0,PP:0,PP:1,PP:1,PP:1,PP:1,PP:1,PP:1,PP:1,PP:1,PP:1,PP:1,PP:1,PP:1,PP:1,PP:1,PP:1,PP:1
PP tasks will do (non-perturbed) short-ranged interactions on the GPU
PP task will update and constrain coordinates on the CPU

This is simulation 31 out of 32 running as a composite GROMACS
multi-simulation job. Setup for this simulation:

Using 1 MPI process
2 GPUs selected for this run.
Mapping of GPU IDs to the 32 GPU tasks in the 32 ranks on this node:
  PP:0,PP:0,PP:0,PP:0,PP:0,PP:0,PP:0,PP:0,PP:0,PP:0,PP:0,PP:0,PP:0,PP:0,PP:0,PP:0,PP:1,PP:1,PP:1,PP:1,PP:1,PP:1,PP:1,PP:1,PP:1,PP:1,PP:1,PP:1,PP:1,PP:1,PP:1,PP:1
PP tasks will do (non-perturbed) short-ranged interactions on the GPU
PP task will update and constrain coordinates on the CPU
2 GPUs selected for this run.
Mapping of GPU IDs to the 32 GPU tasks in the 32 ranks on this node:
  PP:0,PP:0,PP:0,PP:0,PP:0,PP:0,PP:0,PP:0,PP:0,PP:0,PP:0,PP:0,PP:0,PP:0,PP:0,PP:0,PP:1,PP:1,PP:1,PP:1,PP:1,PP:1,PP:1,PP:1,PP:1,PP:1,PP:1,PP:1,PP:1,PP:1,PP:1,PP:1
PP tasks will do (non-perturbed) short-ranged interactions on the GPU
PP task will update and constrain coordinates on the CPU

This is simulation 25 out of 32 running as a composite GROMACS
multi-simulation job. Setup for this simulation:

Using 1 MPI process

This is simulation 5 out of 32 running as a composite GROMACS
multi-simulation job. Setup for this simulation:

Using 1 MPI process
2 GPUs selected for this run.
Mapping of GPU IDs to the 32 GPU tasks in the 32 ranks on this node:
  PP:0,PP:0,PP:0,PP:0,PP:0,PP:0,PP:0,PP:0,PP:0,PP:0,PP:0,PP:0,PP:0,PP:0,PP:0,PP:0,PP:1,PP:1,PP:1,PP:1,PP:1,PP:1,PP:1,PP:1,PP:1,PP:1,PP:1,PP:1,PP:1,PP:1,PP:1,PP:1
PP tasks will do (non-perturbed) short-ranged interactions on the GPU
PP task will update and constrain coordinates on the CPU

This is simulation 22 out of 32 running as a composite GROMACS
multi-simulation job. Setup for this simulation:

Using 1 MPI process
2 GPUs selected for this run.
Mapping of GPU IDs to the 32 GPU tasks in the 32 ranks on this node:
  PP:0,PP:0,PP:0,PP:0,PP:0,PP:0,PP:0,PP:0,PP:0,PP:0,PP:0,PP:0,PP:0,PP:0,PP:0,PP:0,PP:1,PP:1,PP:1,PP:1,PP:1,PP:1,PP:1,PP:1,PP:1,PP:1,PP:1,PP:1,PP:1,PP:1,PP:1,PP:1
PP tasks will do (non-perturbed) short-ranged interactions on the GPU
PP task will update and constrain coordinates on the CPU

This is simulation 21 out of 32 running as a composite GROMACS
multi-simulation job. Setup for this simulation:

Using 1 MPI process
2 GPUs selected for this run.
Mapping of GPU IDs to the 32 GPU tasks in the 32 ranks on this node:
  PP:0,PP:0,PP:0,PP:0,PP:0,PP:0,PP:0,PP:0,PP:0,PP:0,PP:0,PP:0,PP:0,PP:0,PP:0,PP:0,PP:1,PP:1,PP:1,PP:1,PP:1,PP:1,PP:1,PP:1,PP:1,PP:1,PP:1,PP:1,PP:1,PP:1,PP:1,PP:1
PP tasks will do (non-perturbed) short-ranged interactions on the GPU
PP task will update and constrain coordinates on the CPU

This is simulation 30 out of 32 running as a composite GROMACS
multi-simulation job. Setup for this simulation:

Using 1 MPI process

Non-default thread affinity set, disabling internal thread affinity

Non-default thread affinity set, disabling internal thread affinity

Non-default thread affinity set, disabling internal thread affinity

Non-default thread affinity set, disabling internal thread affinity

Non-default thread affinity set, disabling internal thread affinity

Non-default thread affinity set, disabling internal thread affinity

Non-default thread affinity set, disabling internal thread affinity

Non-default thread affinity set, disabling internal thread affinity

Non-default thread affinity set, disabling internal thread affinity

Non-default thread affinity set, disabling internal thread affinity

Non-default thread affinity set, disabling internal thread affinity

Non-default thread affinity set, disabling internal thread affinity


Non-default thread affinity set, disabling internal thread affinity

Non-default thread affinity set, disabling internal thread affinity

Non-default thread affinity set, disabling internal thread affinity

Non-default thread affinity set, disabling internal thread affinity

Non-default thread affinity set, disabling internal thread affinity

Non-default thread affinity set, disabling internal thread affinity

Non-default thread affinity set, disabling internal thread affinity

Non-default thread affinity set, disabling internal thread affinity

Non-default thread affinity set, disabling internal thread affinity

Non-default thread affinity set, disabling internal thread affinity

Non-default thread affinity set, disabling internal thread affinity

Non-default thread affinity set, disabling internal thread affinity

Non-default thread affinity set, disabling internal thread affinity

Non-default thread affinity set, disabling internal thread affinity

Non-default thread affinity set, disabling internal thread affinity

Non-default thread affinity set, disabling internal thread affinity

Non-default thread affinity set, disabling internal thread affinity

Non-default thread affinity set, disabling internal thread affinity

Non-default thread affinity set, disabling internal thread affinity
Non-default thread affinity set, disabling internal thread affinity

Using 1 OpenMP thread 


Using 1 OpenMP thread 


Using 1 OpenMP thread 


Using 1 OpenMP thread 


Using 1 OpenMP thread 


Using 1 OpenMP thread 


Using 1 OpenMP thread 


Using 1 OpenMP thread 


Using 1 OpenMP thread 


Using 1 OpenMP thread 


Using 1 OpenMP thread 


Using 1 OpenMP thread 


Using 1 OpenMP thread 


Using 1 OpenMP thread 


Using 1 OpenMP thread 


Using 1 OpenMP thread 


Using 1 OpenMP thread 


Using 1 OpenMP thread 


Using 1 OpenMP thread 


Using 1 OpenMP thread 


Using 1 OpenMP thread 


Using 1 OpenMP thread 


Using 1 OpenMP thread 


Using 1 OpenMP thread 


Using 1 OpenMP thread 


Using 1 OpenMP thread 


Using 1 OpenMP thread 


Using 1 OpenMP thread 


Using 1 OpenMP thread 


Using 1 OpenMP thread 


Using 1 OpenMP thread 


Using 1 OpenMP thread 


Polak-Ribiere Conjugate Gradients:
   Tolerance (Fmax)   =  7.00000e+02
   Number of steps    =        70000

Polak-Ribiere Conjugate Gradients:
   Tolerance (Fmax)   =  7.00000e+02
   Number of steps    =        70000

Polak-Ribiere Conjugate Gradients:
   Tolerance (Fmax)   =  7.00000e+02
   Number of steps    =        70000

Polak-Ribiere Conjugate Gradients:
   Tolerance (Fmax)   =  7.00000e+02
   Number of steps    =        70000

Polak-Ribiere Conjugate Gradients:
   Tolerance (Fmax)   =  7.00000e+02
   Number of steps    =        70000

Polak-Ribiere Conjugate Gradients:
   Tolerance (Fmax)   =  7.00000e+02
   Number of steps    =        70000

Polak-Ribiere Conjugate Gradients:
   Tolerance (Fmax)   =  7.00000e+02
   Number of steps    =        70000

Polak-Ribiere Conjugate Gradients:
   Tolerance (Fmax)   =  7.00000e+02
   Number of steps    =        70000

Polak-Ribiere Conjugate Gradients:
   Tolerance (Fmax)   =  7.00000e+02
   Number of steps    =        70000

Polak-Ribiere Conjugate Gradients:
   Tolerance (Fmax)   =  7.00000e+02
   Number of steps    =        70000

Polak-Ribiere Conjugate Gradients:
   Tolerance (Fmax)   =  7.00000e+02
   Number of steps    =        70000

Polak-Ribiere Conjugate Gradients:

Polak-Ribiere Conjugate Gradients:
   Tolerance (Fmax)   =  7.00000e+02
   Number of steps    =        70000
   Tolerance (Fmax)   =  7.00000e+02
   Number of steps    =        70000


Polak-Ribiere Conjugate Gradients:
   Tolerance (Fmax)   =  7.00000e+02
   Number of steps    =        70000
Polak-Ribiere Conjugate Gradients:
   Tolerance (Fmax)   =  7.00000e+02
   Number of steps    =        70000

Polak-Ribiere Conjugate Gradients:
   Tolerance (Fmax)   =  7.00000e+02
   Number of steps    =        70000


Polak-Ribiere Conjugate Gradients:
   Tolerance (Fmax)   =  7.00000e+02
   Number of steps    =        70000
Polak-Ribiere Conjugate Gradients:
   Tolerance (Fmax)   =  7.00000e+02
   Number of steps    =        70000

Polak-Ribiere Conjugate Gradients:
   Tolerance (Fmax)   =  7.00000e+02
   Number of steps    =        70000

Polak-Ribiere Conjugate Gradients:
   Tolerance (Fmax)   =  7.00000e+02
   Number of steps    =        70000

Polak-Ribiere Conjugate Gradients:
   Tolerance (Fmax)   =  7.00000e+02
   Number of steps    =        70000

Polak-Ribiere Conjugate Gradients:
   Tolerance (Fmax)   =  7.00000e+02
   Number of steps    =        70000

Polak-Ribiere Conjugate Gradients:
   Tolerance (Fmax)   =  7.00000e+02
   Number of steps    =        70000

Polak-Ribiere Conjugate Gradients:
   Tolerance (Fmax)   =  7.00000e+02
   Number of steps    =        70000

Polak-Ribiere Conjugate Gradients:
   Tolerance (Fmax)   =  7.00000e+02
   Number of steps    =        70000


Polak-Ribiere Conjugate Gradients:
   Tolerance (Fmax)   =  7.00000e+02
   Number of steps    =        70000
Polak-Ribiere Conjugate Gradients:
   Tolerance (Fmax)   =  7.00000e+02
   Number of steps    =        70000
   F-max             =  7.25560e+02 on atom 1087
   F-Norm            =  6.13441e+01

   F-max             =  8.84861e+02 on atom 1369
   F-Norm            =  6.35784e+01

   F-max             =  8.71208e+02 on atom 80
   F-Norm            =  6.27303e+01


Polak-Ribiere Conjugate Gradients:
   Tolerance (Fmax)   =  7.00000e+02
   Number of steps    =        70000

Polak-Ribiere Conjugate Gradients:
   Tolerance (Fmax)   =  7.00000e+02
   Number of steps    =        70000

Polak-Ribiere Conjugate Gradients:
   Tolerance (Fmax)   =  7.00000e+02
   Number of steps    =        70000

Polak-Ribiere Conjugate Gradients:
   Tolerance (Fmax)   =  7.00000e+02
   Number of steps    =        70000

Polak-Ribiere Conjugate Gradients:
   Tolerance (Fmax)   =  7.00000e+02
   Number of steps    =        70000
   F-max             =  7.81554e+02 on atom 411
   F-Norm            =  6.31087e+01

   F-max             =  1.02290e+03 on atom 4500
   F-Norm            =  6.32632e+01

   F-max             =  8.78683e+02 on atom 1522
   F-Norm            =  6.26739e+01

   F-max             =  9.01508e+02 on atom 3694
   F-Norm            =  6.26472e+01

   F-max             =  8.62990e+02 on atom 3694
   F-Norm            =  6.27763e+01

   F-max             =  8.71537e+02 on atom 5374
   F-Norm            =  6.32145e+01

   F-max             =  1.08404e+03 on atom 4500
   F-Norm            =  6.22210e+01

   F-max             =  7.97264e+02 on atom 2337
   F-Norm            =  6.21270e+01

   F-max             =  9.07534e+02 on atom 3791
   F-Norm            =  6.25782e+01

   F-max             =  8.28371e+02 on atom 771
   F-Norm            =  6.23312e+01

   F-max             =  8.58570e+02 on atom 5463
   F-Norm            =  6.27829e+01

   F-max             =  8.54166e+02 on atom 5449
   F-Norm            =  6.29922e+01

   F-max             =  7.87465e+02 on atom 2215
   F-Norm            =  6.26202e+01

   F-max             =  7.82722e+02 on atom 1824
   F-Norm            =  6.29400e+01

   F-max             =  9.00996e+02 on atom 3710
   F-Norm            =  6.22185e+01

   F-max             =  9.67940e+02 on atom 4500
   F-Norm            =  6.31153e+01

   F-max             =  1.00859e+03 on atom 4500
   F-Norm            =  6.43626e+01

   F-max             =  9.35935e+02 on atom 5224
   F-Norm            =  6.26487e+01

   F-max             =  1.09113e+03 on atom 4500
   F-Norm            =  6.31370e+01

Step 0, Epot=-1.108824e+06, Fnorm=3.831e+01, Fmax=2.888e+02 (atom 2555)

writing lowest energy coordinates.
Step 0, Epot=-1.104547e+06, Fnorm=3.967e+01, Fmax=3.162e+02 (atom 5333)

writing lowest energy coordinates.
   F-max             =  1.05292e+03 on atom 983
   F-Norm            =  6.43338e+01

   F-max             =  9.00343e+02 on atom 6304
   F-Norm            =  6.27162e+01

Step 0, Epot=-1.103836e+06, Fnorm=3.944e+01, Fmax=2.953e+02 (atom 2680)

writing lowest energy coordinates.
   F-max             =  8.31256e+02 on atom 2726
   F-Norm            =  6.27700e+01

   F-max             =  8.16068e+02 on atom 5615
   F-Norm            =  6.22170e+01

   F-max             =  8.97296e+02 on atom 604
   F-Norm            =  6.31846e+01

   F-max             =  9.01690e+02 on atom 3710
   F-Norm            =  6.30687e+01

   F-max             =  8.42512e+02 on atom 4120
   F-Norm            =  6.32615e+01

   F-max             =  9.23615e+02 on atom 4552
   F-Norm            =  6.27534e+01

   F-max             =  1.10380e+03 on atom 4500
   F-Norm            =  6.34345e+01

   F-max             =  9.29518e+02 on atom 4500
   F-Norm            =  6.34194e+01

Step 0, Epot=-1.101424e+06, Fnorm=3.962e+01, Fmax=3.010e+02 (atom 4491)

writing lowest energy coordinates.
Step 0, Epot=-1.104062e+06, Fnorm=3.971e+01, Fmax=2.911e+02 (atom 1075)

writing lowest energy coordinates.
Step 0, Epot=-1.105985e+06, Fnorm=3.904e+01, Fmax=2.767e+02 (atom 2835)

writing lowest energy coordinates.
Step 0, Epot=-1.108272e+06, Fnorm=3.887e+01, Fmax=2.892e+02 (atom 257)

writing lowest energy coordinates.
Step 0, Epot=-1.107959e+06, Fnorm=3.889e+01, Fmax=2.908e+02 (atom 4394)

writing lowest energy coordinates.
Step 0, Epot=-1.107940e+06, Fnorm=3.920e+01, Fmax=3.088e+02 (atom 3829)

writing lowest energy coordinates.
Step 0, Epot=-1.106259e+06, Fnorm=3.897e+01, Fmax=2.959e+02 (atom 1257)

writing lowest energy coordinates.

Polak-Ribiere Conjugate Gradients converged to Fmax < 700 in 0 steps
Potential Energy  = -1.1088244e+06
Maximum force     =  2.8879709e+02 on atom 2555
Norm of force     =  3.8310247e+01
Step 0, Epot=-1.107800e+06, Fnorm=3.904e+01, Fmax=3.299e+02 (atom 314)
Step 0, Epot=-1.110652e+06, Fnorm=3.836e+01, Fmax=2.900e+02 (atom 1720)

writing lowest energy coordinates.

writing lowest energy coordinates.

Polak-Ribiere Conjugate Gradients converged to Fmax < 700 in 0 steps
Potential Energy  = -1.1045466e+06
Maximum force     =  3.1618945e+02 on atom 5333
Norm of force     =  3.9666126e+01

Polak-Ribiere Conjugate Gradients converged to Fmax < 700 in 0 steps
Potential Energy  = -1.1038364e+06
Maximum force     =  2.9533557e+02 on atom 2680
Norm of force     =  3.9435571e+01
Step 0, Epot=-1.106908e+06, Fnorm=3.897e+01, Fmax=3.025e+02 (atom 2506)

writing lowest energy coordinates.
Step 0, Epot=-1.105556e+06, Fnorm=3.912e+01, Fmax=2.912e+02 (atom 1378)

writing lowest energy coordinates.
Step 0, Epot=-1.106169e+06, Fnorm=3.936e+01, Fmax=3.002e+02 (atom 5794)

writing lowest energy coordinates.
Step 0, Epot=-1.107105e+06, Fnorm=3.906e+01, Fmax=3.006e+02 (atom 1987)

writing lowest energy coordinates.
Step 0, Epot=-1.106854e+06, Fnorm=3.913e+01, Fmax=3.268e+02 (atom 1918)

writing lowest energy coordinates.
Step 0, Epot=-1.109085e+06, Fnorm=3.860e+01, Fmax=2.932e+02 (atom 4611)

writing lowest energy coordinates.
Step 0, Epot=-1.093688e+06, Fnorm=4.108e+01, Fmax=2.863e+02 (atom 6136)
Step 0, Epot=-1.109178e+06, Fnorm=3.898e+01, Fmax=2.847e+02 (atom 4381)
Step 0, Epot=-1.105864e+06, Fnorm=3.934e+01, Fmax=2.977e+02 (atom 1666)

writing lowest energy coordinates.

writing lowest energy coordinates.

writing lowest energy coordinates.

Polak-Ribiere Conjugate Gradients converged to Fmax < 700 in 0 steps
Potential Energy  = -1.1014241e+06
Maximum force     =  3.0104321e+02 on atom 4491
Norm of force     =  3.9624511e+01
Step 0, Epot=-1.108401e+06, Fnorm=3.922e+01, Fmax=2.967e+02 (atom 5310)

writing lowest energy coordinates.

Polak-Ribiere Conjugate Gradients converged to Fmax < 700 in 0 steps
Potential Energy  = -1.1040616e+06
Maximum force     =  2.9108224e+02 on atom 1075
Norm of force     =  3.9710816e+01
Step 0, Epot=-1.094800e+06, Fnorm=4.090e+01, Fmax=3.233e+02 (atom 3878)

writing lowest energy coordinates.

Polak-Ribiere Conjugate Gradients converged to Fmax < 700 in 0 steps
Potential Energy  = -1.1059850e+06
Maximum force     =  2.7674789e+02 on atom 2835
Norm of force     =  3.9044467e+01
Step 0, Epot=-1.106536e+06, Fnorm=3.903e+01, Fmax=2.958e+02 (atom 3009)

writing lowest energy coordinates.
Step 0, Epot=-1.103303e+06, Fnorm=3.934e+01, Fmax=2.677e+02 (atom 1159)

writing lowest energy coordinates.

Polak-Ribiere Conjugate Gradients converged to Fmax < 700 in 0 steps
Potential Energy  = -1.1082720e+06
Maximum force     =  2.8918710e+02 on atom 257
Norm of force     =  3.8872907e+01
Step 0, Epot=-1.107210e+06, Fnorm=3.863e+01, Fmax=3.092e+02 (atom 4407)

writing lowest energy coordinates.
Step 0, Epot=-1.104253e+06, Fnorm=3.968e+01, Fmax=2.917e+02 (atom 5746)

writing lowest energy coordinates.

Polak-Ribiere Conjugate Gradients converged to Fmax < 700 in 0 steps
Potential Energy  = -1.1079592e+06
Maximum force     =  2.9075168e+02 on atom 4394
Norm of force     =  3.8892741e+01
Step 0, Epot=-1.109166e+06, Fnorm=3.903e+01, Fmax=3.650e+02 (atom 5152)

writing lowest energy coordinates.

Polak-Ribiere Conjugate Gradients converged to Fmax < 700 in 0 steps
Potential Energy  = -1.1079401e+06
Maximum force     =  3.0881653e+02 on atom 3829
Norm of force     =  3.9195884e+01
Step 0, Epot=-1.107968e+06, Fnorm=3.930e+01, Fmax=2.816e+02 (atom 2559)

writing lowest energy coordinates.
Step 0, Epot=-1.104437e+06, Fnorm=3.911e+01, Fmax=2.877e+02 (atom 5976)
Step 0, Epot=-1.098985e+06, Fnorm=4.015e+01, Fmax=2.976e+02 (atom 2023)

writing lowest energy coordinates.

writing lowest energy coordinates.
Step 0, Epot=-1.102077e+06, Fnorm=3.976e+01, Fmax=2.817e+02 (atom 6361)

writing lowest energy coordinates.

Polak-Ribiere Conjugate Gradients converged to Fmax < 700 in 0 steps
Potential Energy  = -1.1106519e+06
Maximum force     =  2.9002216e+02 on atom 1720
Norm of force     =  3.8357056e+01

Polak-Ribiere Conjugate Gradients converged to Fmax < 700 in 0 steps
Potential Energy  = -1.1062586e+06
Maximum force     =  2.9588168e+02 on atom 1257
Norm of force     =  3.8968845e+01

Polak-Ribiere Conjugate Gradients converged to Fmax < 700 in 0 steps
Potential Energy  = -1.1078002e+06
Maximum force     =  3.2992752e+02 on atom 314
Norm of force     =  3.9035703e+01

Polak-Ribiere Conjugate Gradients converged to Fmax < 700 in 0 steps
Potential Energy  = -1.1069076e+06
Maximum force     =  3.0252478e+02 on atom 2506
Norm of force     =  3.8966654e+01

Polak-Ribiere Conjugate Gradients converged to Fmax < 700 in 0 steps
Potential Energy  = -1.1055556e+06
Maximum force     =  2.9119101e+02 on atom 1378
Norm of force     =  3.9121850e+01

Polak-Ribiere Conjugate Gradients converged to Fmax < 700 in 0 steps
Potential Energy  = -1.1061689e+06
Maximum force     =  3.0022589e+02 on atom 5794
Norm of force     =  3.9359478e+01

Polak-Ribiere Conjugate Gradients converged to Fmax < 700 in 0 steps
Potential Energy  = -1.1071050e+06
Maximum force     =  3.0062378e+02 on atom 1987
Norm of force     =  3.9061041e+01

Polak-Ribiere Conjugate Gradients converged to Fmax < 700 in 0 steps
Potential Energy  = -1.1068545e+06
Maximum force     =  3.2675244e+02 on atom 1918
Norm of force     =  3.9131649e+01

Polak-Ribiere Conjugate Gradients converged to Fmax < 700 in 0 steps
Potential Energy  = -1.1090848e+06
Maximum force     =  2.9321304e+02 on atom 4611
Norm of force     =  3.8597797e+01

Polak-Ribiere Conjugate Gradients converged to Fmax < 700 in 0 steps
Potential Energy  = -1.0936879e+06
Maximum force     =  2.8627350e+02 on atom 6136
Norm of force     =  4.1079471e+01

Polak-Ribiere Conjugate Gradients converged to Fmax < 700 in 0 steps
Potential Energy  = -1.1091784e+06
Maximum force     =  2.8470004e+02 on atom 4381
Norm of force     =  3.8983165e+01

Polak-Ribiere Conjugate Gradients converged to Fmax < 700 in 0 steps
Potential Energy  = -1.1058640e+06
Maximum force     =  2.9769232e+02 on atom 1666
Norm of force     =  3.9341379e+01

Polak-Ribiere Conjugate Gradients converged to Fmax < 700 in 0 steps
Potential Energy  = -1.1084010e+06
Maximum force     =  2.9669183e+02 on atom 5310
Norm of force     =  3.9222946e+01

Polak-Ribiere Conjugate Gradients converged to Fmax < 700 in 0 steps
Potential Energy  = -1.0947995e+06
Maximum force     =  3.2326648e+02 on atom 3878
Norm of force     =  4.0903371e+01

Polak-Ribiere Conjugate Gradients converged to Fmax < 700 in 0 steps
Potential Energy  = -1.1065360e+06
Maximum force     =  2.9583640e+02 on atom 3009
Norm of force     =  3.9031487e+01

Polak-Ribiere Conjugate Gradients converged to Fmax < 700 in 0 steps
Potential Energy  = -1.1033030e+06
Maximum force     =  2.6773206e+02 on atom 1159
Norm of force     =  3.9340977e+01

Polak-Ribiere Conjugate Gradients converged to Fmax < 700 in 0 steps
Potential Energy  = -1.1072104e+06
Maximum force     =  3.0924921e+02 on atom 4407
Norm of force     =  3.8626015e+01

Polak-Ribiere Conjugate Gradients converged to Fmax < 700 in 0 steps
Potential Energy  = -1.1042526e+06
Maximum force     =  2.9172418e+02 on atom 5746
Norm of force     =  3.9676030e+01

Polak-Ribiere Conjugate Gradients converged to Fmax < 700 in 0 steps
Potential Energy  = -1.1091665e+06
Maximum force     =  3.6503799e+02 on atom 5152
Norm of force     =  3.9026831e+01

Polak-Ribiere Conjugate Gradients converged to Fmax < 700 in 0 steps
Potential Energy  = -1.1079680e+06
Maximum force     =  2.8155005e+02 on atom 2559
Norm of force     =  3.9304737e+01

Polak-Ribiere Conjugate Gradients converged to Fmax < 700 in 0 steps
Potential Energy  = -1.1044372e+06
Maximum force     =  2.8768448e+02 on atom 5976
Norm of force     =  3.9110712e+01

Polak-Ribiere Conjugate Gradients converged to Fmax < 700 in 0 steps
Potential Energy  = -1.0989854e+06
Maximum force     =  2.9761325e+02 on atom 2023
Norm of force     =  4.0146814e+01

Polak-Ribiere Conjugate Gradients converged to Fmax < 700 in 0 steps
Potential Energy  = -1.1020772e+06
Maximum force     =  2.8170593e+02 on atom 6361
Norm of force     =  3.9761620e+01

GROMACS reminds you: "What do you want out of life?" (Jack Kerouac, On The Road)

[node16:30003] 31 more processes have sent help message help-mpi-btl-openib.txt / no device params found
[node16:30003] Set MCA parameter "orte_base_help_aggregate" to 0 to see all help / error messages
